<?xml version="1.0" encoding="utf-8"?>
<TestRun id="b7819eec-74d5-41df-b124-7b4612efa1f7" name="@MacBook-Air-de-Sebastien 2021-10-24 14:15:25" xmlns="http://microsoft.com/schemas/VisualStudio/TeamTest/2010">
  <Times creation="2021-10-24T14:15:25.4635170+02:00" queuing="2021-10-24T14:15:25.4635170+02:00" start="2021-10-24T14:15:23.4365230+02:00" finish="2021-10-24T14:15:25.4941980+02:00" />
  <TestSettings name="default" id="d42f7212-85a5-4da5-ad75-c210e052a936">
    <Deployment runDeploymentRoot="_MacBook-Air-de-Sebastien_2021-10-24_14_15_25" />
  </TestSettings>
  <Results>
    <UnitTestResult executionId="88590d9e-a5fe-4b50-b9e8-1083a9bfe09c" testId="dd69ca11-8574-49f6-142c-a0d7db5e68b0" testName="FetchOnlyRequestedGameRegion(&quot;NGC 1300&quot;)" computerName="MacBook-Air-de-Sebastien" duration="00:00:00.0019680" startTime="2021-10-24T14:15:25.1316160+02:00" endTime="2021-10-24T14:15:25.1335830+02:00" testType="13cdc9d9-ddb5-4fa4-a97d-d965ccfc6d4b" outcome="Passed" testListId="8c84fa94-04c1-424b-9868-57a2d4851a1d" relativeResultsDirectory="88590d9e-a5fe-4b50-b9e8-1083a9bfe09c" />
    <UnitTestResult executionId="16459e2a-b682-4685-ba2a-b271a04e5b06" testId="8158b57c-2d66-8b32-96cb-f229ab2b8992" testName="FetchOnlyRequestedGameRegion(&quot;Andromeda&quot;)" computerName="MacBook-Air-de-Sebastien" duration="00:00:00.0149090" startTime="2021-10-24T14:15:25.1114280+02:00" endTime="2021-10-24T14:15:25.1263120+02:00" testType="13cdc9d9-ddb5-4fa4-a97d-d965ccfc6d4b" outcome="Passed" testListId="8c84fa94-04c1-424b-9868-57a2d4851a1d" relativeResultsDirectory="16459e2a-b682-4685-ba2a-b271a04e5b06" />
    <UnitTestResult executionId="b58bd6a0-4422-4190-956f-ceac0f32f9ff" testId="71b55203-9f41-f140-7b8a-b173669f83d5" testName="FetchOnlyRequestedGameRegion(&quot;Messier 82&quot;)" computerName="MacBook-Air-de-Sebastien" duration="00:00:00.0026730" startTime="2021-10-24T14:15:25.1336450+02:00" endTime="2021-10-24T14:15:25.1361080+02:00" testType="13cdc9d9-ddb5-4fa4-a97d-d965ccfc6d4b" outcome="Passed" testListId="8c84fa94-04c1-424b-9868-57a2d4851a1d" relativeResultsDirectory="b58bd6a0-4422-4190-956f-ceac0f32f9ff" />
    <UnitTestResult executionId="ad0923ec-ad1d-4ba8-8e1c-f769e0a2c546" testId="e6aa1db8-79bb-5f9e-f506-6e6015603603" testName="FetchOnlyRequestedGameRegion(&quot;Pinwheel&quot;)" computerName="MacBook-Air-de-Sebastien" duration="00:00:00.0041260" startTime="2021-10-24T14:15:25.1272140+02:00" endTime="2021-10-24T14:15:25.1313120+02:00" testType="13cdc9d9-ddb5-4fa4-a97d-d965ccfc6d4b" outcome="Passed" testListId="8c84fa94-04c1-424b-9868-57a2d4851a1d" relativeResultsDirectory="ad0923ec-ad1d-4ba8-8e1c-f769e0a2c546" />
    <UnitTestResult executionId="dcb200ac-c6a0-4888-a6bd-dc77bba4ad95" testId="a665ae80-d9ef-3d21-de02-f9894a2373ef" testName="FetchOnlyRequestedGameRegion(&quot;Milky Way&quot;)" computerName="MacBook-Air-de-Sebastien" duration="00:00:00.0894290" startTime="2021-10-24T14:15:25.0127910+02:00" endTime="2021-10-24T14:15:25.1019850+02:00" testType="13cdc9d9-ddb5-4fa4-a97d-d965ccfc6d4b" outcome="Passed" testListId="8c84fa94-04c1-424b-9868-57a2d4851a1d" relativeResultsDirectory="dcb200ac-c6a0-4888-a6bd-dc77bba4ad95" />
  </Results>
  <TestDefinitions>
    <UnitTest name="FetchOnlyRequestedGameRegion(&quot;Milky Way&quot;)" storage="/users/seb/projects/mslearn-tailspin-spacegame-web/tailspin.spacegame.web.tests/bin/release/net5.0/tailspin.spacegame.web.tests.dll" id="a665ae80-d9ef-3d21-de02-f9894a2373ef">
      <Execution id="dcb200ac-c6a0-4888-a6bd-dc77bba4ad95" />
      <TestMethod codeBase="/Users/seb/projects/mslearn-tailspin-spacegame-web/Tailspin.SpaceGame.Web.Tests/bin/Release/net5.0/Tailspin.SpaceGame.Web.Tests.dll" adapterTypeName="executor://nunit3testexecutor/" className="Tests.DocumentDBRepository_GetItemsAsyncShould" name="FetchOnlyRequestedGameRegion(&quot;Milky Way&quot;)" />
    </UnitTest>
    <UnitTest name="FetchOnlyRequestedGameRegion(&quot;Messier 82&quot;)" storage="/users/seb/projects/mslearn-tailspin-spacegame-web/tailspin.spacegame.web.tests/bin/release/net5.0/tailspin.spacegame.web.tests.dll" id="71b55203-9f41-f140-7b8a-b173669f83d5">
      <Execution id="b58bd6a0-4422-4190-956f-ceac0f32f9ff" />
      <TestMethod codeBase="/Users/seb/projects/mslearn-tailspin-spacegame-web/Tailspin.SpaceGame.Web.Tests/bin/Release/net5.0/Tailspin.SpaceGame.Web.Tests.dll" adapterTypeName="executor://nunit3testexecutor/" className="Tests.DocumentDBRepository_GetItemsAsyncShould" name="FetchOnlyRequestedGameRegion(&quot;Messier 82&quot;)" />
    </UnitTest>
    <UnitTest name="FetchOnlyRequestedGameRegion(&quot;NGC 1300&quot;)" storage="/users/seb/projects/mslearn-tailspin-spacegame-web/tailspin.spacegame.web.tests/bin/release/net5.0/tailspin.spacegame.web.tests.dll" id="dd69ca11-8574-49f6-142c-a0d7db5e68b0">
      <Execution id="88590d9e-a5fe-4b50-b9e8-1083a9bfe09c" />
      <TestMethod codeBase="/Users/seb/projects/mslearn-tailspin-spacegame-web/Tailspin.SpaceGame.Web.Tests/bin/Release/net5.0/Tailspin.SpaceGame.Web.Tests.dll" adapterTypeName="executor://nunit3testexecutor/" className="Tests.DocumentDBRepository_GetItemsAsyncShould" name="FetchOnlyRequestedGameRegion(&quot;NGC 1300&quot;)" />
    </UnitTest>
    <UnitTest name="FetchOnlyRequestedGameRegion(&quot;Pinwheel&quot;)" storage="/users/seb/projects/mslearn-tailspin-spacegame-web/tailspin.spacegame.web.tests/bin/release/net5.0/tailspin.spacegame.web.tests.dll" id="e6aa1db8-79bb-5f9e-f506-6e6015603603">
      <Execution id="ad0923ec-ad1d-4ba8-8e1c-f769e0a2c546" />
      <TestMethod codeBase="/Users/seb/projects/mslearn-tailspin-spacegame-web/Tailspin.SpaceGame.Web.Tests/bin/Release/net5.0/Tailspin.SpaceGame.Web.Tests.dll" adapterTypeName="executor://nunit3testexecutor/" className="Tests.DocumentDBRepository_GetItemsAsyncShould" name="FetchOnlyRequestedGameRegion(&quot;Pinwheel&quot;)" />
    </UnitTest>
    <UnitTest name="FetchOnlyRequestedGameRegion(&quot;Andromeda&quot;)" storage="/users/seb/projects/mslearn-tailspin-spacegame-web/tailspin.spacegame.web.tests/bin/release/net5.0/tailspin.spacegame.web.tests.dll" id="8158b57c-2d66-8b32-96cb-f229ab2b8992">
      <Execution id="16459e2a-b682-4685-ba2a-b271a04e5b06" />
      <TestMethod codeBase="/Users/seb/projects/mslearn-tailspin-spacegame-web/Tailspin.SpaceGame.Web.Tests/bin/Release/net5.0/Tailspin.SpaceGame.Web.Tests.dll" adapterTypeName="executor://nunit3testexecutor/" className="Tests.DocumentDBRepository_GetItemsAsyncShould" name="FetchOnlyRequestedGameRegion(&quot;Andromeda&quot;)" />
    </UnitTest>
  </TestDefinitions>
  <TestEntries>
    <TestEntry testId="dd69ca11-8574-49f6-142c-a0d7db5e68b0" executionId="88590d9e-a5fe-4b50-b9e8-1083a9bfe09c" testListId="8c84fa94-04c1-424b-9868-57a2d4851a1d" />
    <TestEntry testId="8158b57c-2d66-8b32-96cb-f229ab2b8992" executionId="16459e2a-b682-4685-ba2a-b271a04e5b06" testListId="8c84fa94-04c1-424b-9868-57a2d4851a1d" />
    <TestEntry testId="71b55203-9f41-f140-7b8a-b173669f83d5" executionId="b58bd6a0-4422-4190-956f-ceac0f32f9ff" testListId="8c84fa94-04c1-424b-9868-57a2d4851a1d" />
    <TestEntry testId="e6aa1db8-79bb-5f9e-f506-6e6015603603" executionId="ad0923ec-ad1d-4ba8-8e1c-f769e0a2c546" testListId="8c84fa94-04c1-424b-9868-57a2d4851a1d" />
    <TestEntry testId="a665ae80-d9ef-3d21-de02-f9894a2373ef" executionId="dcb200ac-c6a0-4888-a6bd-dc77bba4ad95" testListId="8c84fa94-04c1-424b-9868-57a2d4851a1d" />
  </TestEntries>
  <TestLists>
    <TestList name="Results Not in a List" id="8c84fa94-04c1-424b-9868-57a2d4851a1d" />
    <TestList name="All Loaded Results" id="19431567-8539-422a-85d7-44ee4e166bda" />
  </TestLists>
  <ResultSummary outcome="Completed">
    <Counters total="5" executed="5" passed="5" failed="0" error="0" timeout="0" aborted="0" inconclusive="0" passedButRunAborted="0" notRunnable="0" notExecuted="0" disconnected="0" warning="0" completed="0" inProgress="0" pending="0" />
    <Output>
      <StdOut>NUnit Adapter 3.17.0.0: Test execution started
Running all tests in /Users/seb/projects/mslearn-tailspin-spacegame-web/Tailspin.SpaceGame.Web.Tests/bin/Release/net5.0/Tailspin.SpaceGame.Web.Tests.dll
   NUnit3TestExecutor discovered 5 of 5 NUnit test cases
NUnit Adapter 3.17.0.0: Test execution complete
</StdOut>
    </Output>
  </ResultSummary>
</TestRun>